[2022-05-02 23:20:52.743] [renderer1] [error] nvim_win_get_cursor: Invalid window id: 1002: Error: Error making request to nvim_win_get_cursor
	at o.request (/home/turtles/dotfiles/vscode/extensions/asvetliakov.vscode-neovim-0.0.78/dist/extension.js:1:15853)
	at he.<anonymous> (/home/turtles/dotfiles/vscode/extensions/asvetliakov.vscode-neovim-0.0.78/dist/extension.js:3:100678)
	at Generator.next (<anonymous>)
	at /home/turtles/dotfiles/vscode/extensions/asvetliakov.vscode-neovim-0.0.78/dist/extension.js:3:88882
	at new Promise (<anonymous>)
	at ce (/home/turtles/dotfiles/vscode/extensions/asvetliakov.vscode-neovim-0.0.78/dist/extension.js:3:88627)
	at Timeout._onTimeout (/home/turtles/dotfiles/vscode/extensions/asvetliakov.vscode-neovim-0.0.78/dist/extension.js:3:100617)
	at listOnTimeout (internal/timers.js:531:17)
	at processTimers (internal/timers.js:475:7)
[2022-05-02 23:20:53.084] [renderer1] [error] nvim_win_get_cursor: Invalid window id: 1003: Error: Error making request to nvim_win_get_cursor
	at o.request (/home/turtles/dotfiles/vscode/extensions/asvetliakov.vscode-neovim-0.0.78/dist/extension.js:1:15853)
	at he.<anonymous> (/home/turtles/dotfiles/vscode/extensions/asvetliakov.vscode-neovim-0.0.78/dist/extension.js:3:100678)
	at Generator.next (<anonymous>)
	at /home/turtles/dotfiles/vscode/extensions/asvetliakov.vscode-neovim-0.0.78/dist/extension.js:3:88882
	at new Promise (<anonymous>)
	at ce (/home/turtles/dotfiles/vscode/extensions/asvetliakov.vscode-neovim-0.0.78/dist/extension.js:3:88627)
	at Timeout._onTimeout (/home/turtles/dotfiles/vscode/extensions/asvetliakov.vscode-neovim-0.0.78/dist/extension.js:3:100617)
	at listOnTimeout (internal/timers.js:531:17)
	at processTimers (internal/timers.js:475:7)
[2022-05-02 23:20:53.371] [renderer1] [error] nvim_win_get_cursor: Invalid window id: 1004: Error: Error making request to nvim_win_get_cursor
	at o.request (/home/turtles/dotfiles/vscode/extensions/asvetliakov.vscode-neovim-0.0.78/dist/extension.js:1:15853)
	at he.<anonymous> (/home/turtles/dotfiles/vscode/extensions/asvetliakov.vscode-neovim-0.0.78/dist/extension.js:3:100678)
	at Generator.next (<anonymous>)
	at /home/turtles/dotfiles/vscode/extensions/asvetliakov.vscode-neovim-0.0.78/dist/extension.js:3:88882
	at new Promise (<anonymous>)
	at ce (/home/turtles/dotfiles/vscode/extensions/asvetliakov.vscode-neovim-0.0.78/dist/extension.js:3:88627)
	at Timeout._onTimeout (/home/turtles/dotfiles/vscode/extensions/asvetliakov.vscode-neovim-0.0.78/dist/extension.js:3:100617)
	at listOnTimeout (internal/timers.js:531:17)
	at processTimers (internal/timers.js:475:7)
[2022-05-02 23:20:53.637] [renderer1] [error] nvim_win_get_cursor: Invalid window id: 1005: Error: Error making request to nvim_win_get_cursor
	at o.request (/home/turtles/dotfiles/vscode/extensions/asvetliakov.vscode-neovim-0.0.78/dist/extension.js:1:15853)
	at he.<anonymous> (/home/turtles/dotfiles/vscode/extensions/asvetliakov.vscode-neovim-0.0.78/dist/extension.js:3:100678)
	at Generator.next (<anonymous>)
	at /home/turtles/dotfiles/vscode/extensions/asvetliakov.vscode-neovim-0.0.78/dist/extension.js:3:88882
	at new Promise (<anonymous>)
	at ce (/home/turtles/dotfiles/vscode/extensions/asvetliakov.vscode-neovim-0.0.78/dist/extension.js:3:88627)
	at Timeout._onTimeout (/home/turtles/dotfiles/vscode/extensions/asvetliakov.vscode-neovim-0.0.78/dist/extension.js:3:100617)
	at listOnTimeout (internal/timers.js:531:17)
	at processTimers (internal/timers.js:475:7)
[2022-05-02 23:20:53.922] [renderer1] [error] nvim_win_get_cursor: Invalid window id: 1006: Error: Error making request to nvim_win_get_cursor
	at o.request (/home/turtles/dotfiles/vscode/extensions/asvetliakov.vscode-neovim-0.0.78/dist/extension.js:1:15853)
	at he.<anonymous> (/home/turtles/dotfiles/vscode/extensions/asvetliakov.vscode-neovim-0.0.78/dist/extension.js:3:100678)
	at Generator.next (<anonymous>)
	at /home/turtles/dotfiles/vscode/extensions/asvetliakov.vscode-neovim-0.0.78/dist/extension.js:3:88882
	at new Promise (<anonymous>)
	at ce (/home/turtles/dotfiles/vscode/extensions/asvetliakov.vscode-neovim-0.0.78/dist/extension.js:3:88627)
	at Timeout._onTimeout (/home/turtles/dotfiles/vscode/extensions/asvetliakov.vscode-neovim-0.0.78/dist/extension.js:3:100617)
	at listOnTimeout (internal/timers.js:531:17)
	at processTimers (internal/timers.js:475:7)
[2022-05-02 23:20:54.285] [renderer1] [error] nvim_win_get_cursor: Invalid window id: 1007: Error: Error making request to nvim_win_get_cursor
	at o.request (/home/turtles/dotfiles/vscode/extensions/asvetliakov.vscode-neovim-0.0.78/dist/extension.js:1:15853)
	at he.<anonymous> (/home/turtles/dotfiles/vscode/extensions/asvetliakov.vscode-neovim-0.0.78/dist/extension.js:3:100678)
	at Generator.next (<anonymous>)
	at /home/turtles/dotfiles/vscode/extensions/asvetliakov.vscode-neovim-0.0.78/dist/extension.js:3:88882
	at new Promise (<anonymous>)
	at ce (/home/turtles/dotfiles/vscode/extensions/asvetliakov.vscode-neovim-0.0.78/dist/extension.js:3:88627)
	at Timeout._onTimeout (/home/turtles/dotfiles/vscode/extensions/asvetliakov.vscode-neovim-0.0.78/dist/extension.js:3:100617)
	at listOnTimeout (internal/timers.js:531:17)
	at processTimers (internal/timers.js:475:7)
[2022-05-02 23:20:54.622] [renderer1] [error] nvim_win_get_cursor: Invalid window id: 1008: Error: Error making request to nvim_win_get_cursor
	at o.request (/home/turtles/dotfiles/vscode/extensions/asvetliakov.vscode-neovim-0.0.78/dist/extension.js:1:15853)
	at he.<anonymous> (/home/turtles/dotfiles/vscode/extensions/asvetliakov.vscode-neovim-0.0.78/dist/extension.js:3:100678)
	at Generator.next (<anonymous>)
	at /home/turtles/dotfiles/vscode/extensions/asvetliakov.vscode-neovim-0.0.78/dist/extension.js:3:88882
	at new Promise (<anonymous>)
	at ce (/home/turtles/dotfiles/vscode/extensions/asvetliakov.vscode-neovim-0.0.78/dist/extension.js:3:88627)
	at Timeout._onTimeout (/home/turtles/dotfiles/vscode/extensions/asvetliakov.vscode-neovim-0.0.78/dist/extension.js:3:100617)
	at listOnTimeout (internal/timers.js:531:17)
	at processTimers (internal/timers.js:475:7)
[2022-05-02 23:20:54.968] [renderer1] [error] nvim_win_get_cursor: Invalid window id: 1009: Error: Error making request to nvim_win_get_cursor
	at o.request (/home/turtles/dotfiles/vscode/extensions/asvetliakov.vscode-neovim-0.0.78/dist/extension.js:1:15853)
	at he.<anonymous> (/home/turtles/dotfiles/vscode/extensions/asvetliakov.vscode-neovim-0.0.78/dist/extension.js:3:100678)
	at Generator.next (<anonymous>)
	at /home/turtles/dotfiles/vscode/extensions/asvetliakov.vscode-neovim-0.0.78/dist/extension.js:3:88882
	at new Promise (<anonymous>)
	at ce (/home/turtles/dotfiles/vscode/extensions/asvetliakov.vscode-neovim-0.0.78/dist/extension.js:3:88627)
	at Timeout._onTimeout (/home/turtles/dotfiles/vscode/extensions/asvetliakov.vscode-neovim-0.0.78/dist/extension.js:3:100617)
	at listOnTimeout (internal/timers.js:531:17)
	at processTimers (internal/timers.js:475:7)
[2022-05-02 23:20:55.272] [renderer1] [error] nvim_win_get_cursor: Invalid window id: 1010: Error: Error making request to nvim_win_get_cursor
	at o.request (/home/turtles/dotfiles/vscode/extensions/asvetliakov.vscode-neovim-0.0.78/dist/extension.js:1:15853)
	at he.<anonymous> (/home/turtles/dotfiles/vscode/extensions/asvetliakov.vscode-neovim-0.0.78/dist/extension.js:3:100678)
	at Generator.next (<anonymous>)
	at /home/turtles/dotfiles/vscode/extensions/asvetliakov.vscode-neovim-0.0.78/dist/extension.js:3:88882
	at new Promise (<anonymous>)
	at ce (/home/turtles/dotfiles/vscode/extensions/asvetliakov.vscode-neovim-0.0.78/dist/extension.js:3:88627)
	at Timeout._onTimeout (/home/turtles/dotfiles/vscode/extensions/asvetliakov.vscode-neovim-0.0.78/dist/extension.js:3:100617)
	at listOnTimeout (internal/timers.js:531:17)
	at processTimers (internal/timers.js:475:7)
[2022-05-02 23:20:55.535] [renderer1] [error] nvim_win_get_cursor: Invalid window id: 1011: Error: Error making request to nvim_win_get_cursor
	at o.request (/home/turtles/dotfiles/vscode/extensions/asvetliakov.vscode-neovim-0.0.78/dist/extension.js:1:15853)
	at he.<anonymous> (/home/turtles/dotfiles/vscode/extensions/asvetliakov.vscode-neovim-0.0.78/dist/extension.js:3:100678)
	at Generator.next (<anonymous>)
	at /home/turtles/dotfiles/vscode/extensions/asvetliakov.vscode-neovim-0.0.78/dist/extension.js:3:88882
	at new Promise (<anonymous>)
	at ce (/home/turtles/dotfiles/vscode/extensions/asvetliakov.vscode-neovim-0.0.78/dist/extension.js:3:88627)
	at Timeout._onTimeout (/home/turtles/dotfiles/vscode/extensions/asvetliakov.vscode-neovim-0.0.78/dist/extension.js:3:100617)
	at listOnTimeout (internal/timers.js:531:17)
	at processTimers (internal/timers.js:475:7)
[2022-05-02 23:20:55.788] [renderer1] [error] nvim_win_get_cursor: Invalid window id: 1012: Error: Error making request to nvim_win_get_cursor
	at o.request (/home/turtles/dotfiles/vscode/extensions/asvetliakov.vscode-neovim-0.0.78/dist/extension.js:1:15853)
	at he.<anonymous> (/home/turtles/dotfiles/vscode/extensions/asvetliakov.vscode-neovim-0.0.78/dist/extension.js:3:100678)
	at Generator.next (<anonymous>)
	at /home/turtles/dotfiles/vscode/extensions/asvetliakov.vscode-neovim-0.0.78/dist/extension.js:3:88882
	at new Promise (<anonymous>)
	at ce (/home/turtles/dotfiles/vscode/extensions/asvetliakov.vscode-neovim-0.0.78/dist/extension.js:3:88627)
	at Timeout._onTimeout (/home/turtles/dotfiles/vscode/extensions/asvetliakov.vscode-neovim-0.0.78/dist/extension.js:3:100617)
	at listOnTimeout (internal/timers.js:531:17)
	at processTimers (internal/timers.js:475:7)
[2022-05-02 23:20:56.032] [renderer1] [error] nvim_win_get_cursor: Invalid window id: 1013: Error: Error making request to nvim_win_get_cursor
	at o.request (/home/turtles/dotfiles/vscode/extensions/asvetliakov.vscode-neovim-0.0.78/dist/extension.js:1:15853)
	at he.<anonymous> (/home/turtles/dotfiles/vscode/extensions/asvetliakov.vscode-neovim-0.0.78/dist/extension.js:3:100678)
	at Generator.next (<anonymous>)
	at /home/turtles/dotfiles/vscode/extensions/asvetliakov.vscode-neovim-0.0.78/dist/extension.js:3:88882
	at new Promise (<anonymous>)
	at ce (/home/turtles/dotfiles/vscode/extensions/asvetliakov.vscode-neovim-0.0.78/dist/extension.js:3:88627)
	at Timeout._onTimeout (/home/turtles/dotfiles/vscode/extensions/asvetliakov.vscode-neovim-0.0.78/dist/extension.js:3:100617)
	at listOnTimeout (internal/timers.js:531:17)
	at processTimers (internal/timers.js:475:7)
[2022-05-02 23:20:56.771] [renderer1] [error] nvim_win_close: Invalid window id: 1002: Error: Error making request to nvim_win_close
	at o.request (/home/turtles/dotfiles/vscode/extensions/asvetliakov.vscode-neovim-0.0.78/dist/extension.js:1:15853)
	at Timeout._onTimeout (/home/turtles/dotfiles/vscode/extensions/asvetliakov.vscode-neovim-0.0.78/dist/extension.js:3:101219)
	at listOnTimeout (internal/timers.js:531:17)
	at processTimers (internal/timers.js:475:7)
[2022-05-02 23:20:57.162] [renderer1] [error] nvim_win_close: Invalid window id: 1003: Error: Error making request to nvim_win_close
	at o.request (/home/turtles/dotfiles/vscode/extensions/asvetliakov.vscode-neovim-0.0.78/dist/extension.js:1:15853)
	at Timeout._onTimeout (/home/turtles/dotfiles/vscode/extensions/asvetliakov.vscode-neovim-0.0.78/dist/extension.js:3:101219)
	at listOnTimeout (internal/timers.js:531:17)
	at processTimers (internal/timers.js:475:7)
[2022-05-02 23:20:57.382] [renderer1] [error] nvim_win_close: Invalid window id: 1004: Error: Error making request to nvim_win_close
	at o.request (/home/turtles/dotfiles/vscode/extensions/asvetliakov.vscode-neovim-0.0.78/dist/extension.js:1:15853)
	at Timeout._onTimeout (/home/turtles/dotfiles/vscode/extensions/asvetliakov.vscode-neovim-0.0.78/dist/extension.js:3:101219)
	at listOnTimeout (internal/timers.js:531:17)
	at processTimers (internal/timers.js:475:7)
[2022-05-02 23:20:57.612] [renderer1] [error] nvim_win_get_cursor: Invalid window id: 1015: Error: Error making request to nvim_win_get_cursor
	at o.request (/home/turtles/dotfiles/vscode/extensions/asvetliakov.vscode-neovim-0.0.78/dist/extension.js:1:15853)
	at he.<anonymous> (/home/turtles/dotfiles/vscode/extensions/asvetliakov.vscode-neovim-0.0.78/dist/extension.js:3:100678)
	at Generator.next (<anonymous>)
	at /home/turtles/dotfiles/vscode/extensions/asvetliakov.vscode-neovim-0.0.78/dist/extension.js:3:88882
	at new Promise (<anonymous>)
	at ce (/home/turtles/dotfiles/vscode/extensions/asvetliakov.vscode-neovim-0.0.78/dist/extension.js:3:88627)
	at Timeout._onTimeout (/home/turtles/dotfiles/vscode/extensions/asvetliakov.vscode-neovim-0.0.78/dist/extension.js:3:100617)
	at listOnTimeout (internal/timers.js:531:17)
	at processTimers (internal/timers.js:475:7)
[2022-05-02 23:20:57.634] [renderer1] [error] nvim_win_close: Invalid window id: 1005: Error: Error making request to nvim_win_close
	at o.request (/home/turtles/dotfiles/vscode/extensions/asvetliakov.vscode-neovim-0.0.78/dist/extension.js:1:15853)
	at Timeout._onTimeout (/home/turtles/dotfiles/vscode/extensions/asvetliakov.vscode-neovim-0.0.78/dist/extension.js:3:101219)
	at listOnTimeout (internal/timers.js:531:17)
	at processTimers (internal/timers.js:475:7)
[2022-05-02 23:20:57.919] [renderer1] [error] nvim_win_close: Invalid window id: 1006: Error: Error making request to nvim_win_close
	at o.request (/home/turtles/dotfiles/vscode/extensions/asvetliakov.vscode-neovim-0.0.78/dist/extension.js:1:15853)
	at Timeout._onTimeout (/home/turtles/dotfiles/vscode/extensions/asvetliakov.vscode-neovim-0.0.78/dist/extension.js:3:101219)
	at listOnTimeout (internal/timers.js:531:17)
	at processTimers (internal/timers.js:475:7)
[2022-05-02 23:20:58.307] [renderer1] [error] nvim_win_close: Invalid window id: 1007: Error: Error making request to nvim_win_close
	at o.request (/home/turtles/dotfiles/vscode/extensions/asvetliakov.vscode-neovim-0.0.78/dist/extension.js:1:15853)
	at Timeout._onTimeout (/home/turtles/dotfiles/vscode/extensions/asvetliakov.vscode-neovim-0.0.78/dist/extension.js:3:101219)
	at listOnTimeout (internal/timers.js:531:17)
	at processTimers (internal/timers.js:475:7)
[2022-05-02 23:20:58.680] [renderer1] [error] nvim_win_close: Invalid window id: 1008: Error: Error making request to nvim_win_close
	at o.request (/home/turtles/dotfiles/vscode/extensions/asvetliakov.vscode-neovim-0.0.78/dist/extension.js:1:15853)
	at Timeout._onTimeout (/home/turtles/dotfiles/vscode/extensions/asvetliakov.vscode-neovim-0.0.78/dist/extension.js:3:101219)
	at listOnTimeout (internal/timers.js:531:17)
	at processTimers (internal/timers.js:475:7)
[2022-05-02 23:20:58.827] [renderer1] [error] nvim_win_get_cursor: Invalid window id: 1018: Error: Error making request to nvim_win_get_cursor
	at o.request (/home/turtles/dotfiles/vscode/extensions/asvetliakov.vscode-neovim-0.0.78/dist/extension.js:1:15853)
	at he.<anonymous> (/home/turtles/dotfiles/vscode/extensions/asvetliakov.vscode-neovim-0.0.78/dist/extension.js:3:100678)
	at Generator.next (<anonymous>)
	at /home/turtles/dotfiles/vscode/extensions/asvetliakov.vscode-neovim-0.0.78/dist/extension.js:3:88882
	at new Promise (<anonymous>)
	at ce (/home/turtles/dotfiles/vscode/extensions/asvetliakov.vscode-neovim-0.0.78/dist/extension.js:3:88627)
	at Timeout._onTimeout (/home/turtles/dotfiles/vscode/extensions/asvetliakov.vscode-neovim-0.0.78/dist/extension.js:3:100617)
	at listOnTimeout (internal/timers.js:531:17)
	at processTimers (internal/timers.js:475:7)
[2022-05-02 23:20:58.966] [renderer1] [error] nvim_win_close: Invalid window id: 1009: Error: Error making request to nvim_win_close
	at o.request (/home/turtles/dotfiles/vscode/extensions/asvetliakov.vscode-neovim-0.0.78/dist/extension.js:1:15853)
	at Timeout._onTimeout (/home/turtles/dotfiles/vscode/extensions/asvetliakov.vscode-neovim-0.0.78/dist/extension.js:3:101219)
	at listOnTimeout (internal/timers.js:531:17)
	at processTimers (internal/timers.js:475:7)
[2022-05-02 23:20:59.191] [renderer1] [error] nvim_win_get_cursor: Invalid window id: 1019: Error: Error making request to nvim_win_get_cursor
	at o.request (/home/turtles/dotfiles/vscode/extensions/asvetliakov.vscode-neovim-0.0.78/dist/extension.js:1:15853)
	at he.<anonymous> (/home/turtles/dotfiles/vscode/extensions/asvetliakov.vscode-neovim-0.0.78/dist/extension.js:3:100678)
	at Generator.next (<anonymous>)
	at /home/turtles/dotfiles/vscode/extensions/asvetliakov.vscode-neovim-0.0.78/dist/extension.js:3:88882
	at new Promise (<anonymous>)
	at ce (/home/turtles/dotfiles/vscode/extensions/asvetliakov.vscode-neovim-0.0.78/dist/extension.js:3:88627)
	at Timeout._onTimeout (/home/turtles/dotfiles/vscode/extensions/asvetliakov.vscode-neovim-0.0.78/dist/extension.js:3:100617)
	at listOnTimeout (internal/timers.js:531:17)
	at processTimers (internal/timers.js:475:7)
[2022-05-02 23:20:59.273] [renderer1] [error] nvim_win_close: Invalid window id: 1010: Error: Error making request to nvim_win_close
	at o.request (/home/turtles/dotfiles/vscode/extensions/asvetliakov.vscode-neovim-0.0.78/dist/extension.js:1:15853)
	at Timeout._onTimeout (/home/turtles/dotfiles/vscode/extensions/asvetliakov.vscode-neovim-0.0.78/dist/extension.js:3:101219)
	at listOnTimeout (internal/timers.js:531:17)
	at processTimers (internal/timers.js:475:7)
[2022-05-02 23:20:59.591] [renderer1] [error] nvim_win_close: Invalid window id: 1011: Error: Error making request to nvim_win_close
	at o.request (/home/turtles/dotfiles/vscode/extensions/asvetliakov.vscode-neovim-0.0.78/dist/extension.js:1:15853)
	at Timeout._onTimeout (/home/turtles/dotfiles/vscode/extensions/asvetliakov.vscode-neovim-0.0.78/dist/extension.js:3:101219)
	at listOnTimeout (internal/timers.js:531:17)
	at processTimers (internal/timers.js:475:7)
[2022-05-02 23:20:59.639] [renderer1] [error] nvim_win_get_cursor: Invalid window id: 1020: Error: Error making request to nvim_win_get_cursor
	at o.request (/home/turtles/dotfiles/vscode/extensions/asvetliakov.vscode-neovim-0.0.78/dist/extension.js:1:15853)
	at he.<anonymous> (/home/turtles/dotfiles/vscode/extensions/asvetliakov.vscode-neovim-0.0.78/dist/extension.js:3:100678)
	at Generator.next (<anonymous>)
	at /home/turtles/dotfiles/vscode/extensions/asvetliakov.vscode-neovim-0.0.78/dist/extension.js:3:88882
	at new Promise (<anonymous>)
	at ce (/home/turtles/dotfiles/vscode/extensions/asvetliakov.vscode-neovim-0.0.78/dist/extension.js:3:88627)
	at Timeout._onTimeout (/home/turtles/dotfiles/vscode/extensions/asvetliakov.vscode-neovim-0.0.78/dist/extension.js:3:100617)
	at listOnTimeout (internal/timers.js:531:17)
	at processTimers (internal/timers.js:475:7)
[2022-05-02 23:20:59.855] [renderer1] [error] nvim_win_close: Invalid window id: 1012: Error: Error making request to nvim_win_close
	at o.request (/home/turtles/dotfiles/vscode/extensions/asvetliakov.vscode-neovim-0.0.78/dist/extension.js:1:15853)
	at Timeout._onTimeout (/home/turtles/dotfiles/vscode/extensions/asvetliakov.vscode-neovim-0.0.78/dist/extension.js:3:101219)
	at listOnTimeout (internal/timers.js:531:17)
	at processTimers (internal/timers.js:475:7)
[2022-05-02 23:21:00.038] [renderer1] [error] nvim_win_close: Invalid window id: 1013: Error: Error making request to nvim_win_close
	at o.request (/home/turtles/dotfiles/vscode/extensions/asvetliakov.vscode-neovim-0.0.78/dist/extension.js:1:15853)
	at Timeout._onTimeout (/home/turtles/dotfiles/vscode/extensions/asvetliakov.vscode-neovim-0.0.78/dist/extension.js:3:101219)
	at listOnTimeout (internal/timers.js:531:17)
	at processTimers (internal/timers.js:475:7)
[2022-05-02 23:21:00.354] [renderer1] [error] nvim_win_get_cursor: Invalid window id: 1021: Error: Error making request to nvim_win_get_cursor
	at o.request (/home/turtles/dotfiles/vscode/extensions/asvetliakov.vscode-neovim-0.0.78/dist/extension.js:1:15853)
	at he.<anonymous> (/home/turtles/dotfiles/vscode/extensions/asvetliakov.vscode-neovim-0.0.78/dist/extension.js:3:100678)
	at Generator.next (<anonymous>)
	at /home/turtles/dotfiles/vscode/extensions/asvetliakov.vscode-neovim-0.0.78/dist/extension.js:3:88882
	at new Promise (<anonymous>)
	at ce (/home/turtles/dotfiles/vscode/extensions/asvetliakov.vscode-neovim-0.0.78/dist/extension.js:3:88627)
	at Timeout._onTimeout (/home/turtles/dotfiles/vscode/extensions/asvetliakov.vscode-neovim-0.0.78/dist/extension.js:3:100617)
	at listOnTimeout (internal/timers.js:531:17)
	at processTimers (internal/timers.js:475:7)
[2022-05-02 23:21:00.413] [renderer1] [error] nvim_win_close: Invalid window id: 1014: Error: Error making request to nvim_win_close
	at o.request (/home/turtles/dotfiles/vscode/extensions/asvetliakov.vscode-neovim-0.0.78/dist/extension.js:1:15853)
	at Timeout._onTimeout (/home/turtles/dotfiles/vscode/extensions/asvetliakov.vscode-neovim-0.0.78/dist/extension.js:3:101219)
	at listOnTimeout (internal/timers.js:531:17)
	at processTimers (internal/timers.js:475:7)
[2022-05-02 23:21:00.684] [renderer1] [error] nvim_win_get_cursor: Invalid window id: 1022: Error: Error making request to nvim_win_get_cursor
	at o.request (/home/turtles/dotfiles/vscode/extensions/asvetliakov.vscode-neovim-0.0.78/dist/extension.js:1:15853)
	at he.<anonymous> (/home/turtles/dotfiles/vscode/extensions/asvetliakov.vscode-neovim-0.0.78/dist/extension.js:3:100678)
	at Generator.next (<anonymous>)
	at /home/turtles/dotfiles/vscode/extensions/asvetliakov.vscode-neovim-0.0.78/dist/extension.js:3:88882
	at new Promise (<anonymous>)
	at ce (/home/turtles/dotfiles/vscode/extensions/asvetliakov.vscode-neovim-0.0.78/dist/extension.js:3:88627)
	at Timeout._onTimeout (/home/turtles/dotfiles/vscode/extensions/asvetliakov.vscode-neovim-0.0.78/dist/extension.js:3:100617)
	at listOnTimeout (internal/timers.js:531:17)
	at processTimers (internal/timers.js:475:7)
[2022-05-02 23:21:01.633] [renderer1] [error] nvim_win_close: Invalid window id: 1015: Error: Error making request to nvim_win_close
	at o.request (/home/turtles/dotfiles/vscode/extensions/asvetliakov.vscode-neovim-0.0.78/dist/extension.js:1:15853)
	at Timeout._onTimeout (/home/turtles/dotfiles/vscode/extensions/asvetliakov.vscode-neovim-0.0.78/dist/extension.js:3:101219)
	at listOnTimeout (internal/timers.js:531:17)
	at processTimers (internal/timers.js:475:7)
[2022-05-02 23:21:02.250] [renderer1] [error] nvim_win_get_cursor: Invalid window id: 1026: Error: Error making request to nvim_win_get_cursor
	at o.request (/home/turtles/dotfiles/vscode/extensions/asvetliakov.vscode-neovim-0.0.78/dist/extension.js:1:15853)
	at he.<anonymous> (/home/turtles/dotfiles/vscode/extensions/asvetliakov.vscode-neovim-0.0.78/dist/extension.js:3:100678)
	at Generator.next (<anonymous>)
	at /home/turtles/dotfiles/vscode/extensions/asvetliakov.vscode-neovim-0.0.78/dist/extension.js:3:88882
	at new Promise (<anonymous>)
	at ce (/home/turtles/dotfiles/vscode/extensions/asvetliakov.vscode-neovim-0.0.78/dist/extension.js:3:88627)
	at Timeout._onTimeout (/home/turtles/dotfiles/vscode/extensions/asvetliakov.vscode-neovim-0.0.78/dist/extension.js:3:100617)
	at listOnTimeout (internal/timers.js:531:17)
	at processTimers (internal/timers.js:475:7)
[2022-05-02 23:21:02.826] [renderer1] [error] nvim_win_close: Invalid window id: 1018: Error: Error making request to nvim_win_close
	at o.request (/home/turtles/dotfiles/vscode/extensions/asvetliakov.vscode-neovim-0.0.78/dist/extension.js:1:15853)
	at Timeout._onTimeout (/home/turtles/dotfiles/vscode/extensions/asvetliakov.vscode-neovim-0.0.78/dist/extension.js:3:101219)
	at listOnTimeout (internal/timers.js:531:17)
	at processTimers (internal/timers.js:475:7)
[2022-05-02 23:21:02.882] [renderer1] [error] nvim_win_get_cursor: Invalid window id: 1028: Error: Error making request to nvim_win_get_cursor
	at o.request (/home/turtles/dotfiles/vscode/extensions/asvetliakov.vscode-neovim-0.0.78/dist/extension.js:1:15853)
	at he.<anonymous> (/home/turtles/dotfiles/vscode/extensions/asvetliakov.vscode-neovim-0.0.78/dist/extension.js:3:100678)
	at Generator.next (<anonymous>)
	at /home/turtles/dotfiles/vscode/extensions/asvetliakov.vscode-neovim-0.0.78/dist/extension.js:3:88882
	at new Promise (<anonymous>)
	at ce (/home/turtles/dotfiles/vscode/extensions/asvetliakov.vscode-neovim-0.0.78/dist/extension.js:3:88627)
	at Timeout._onTimeout (/home/turtles/dotfiles/vscode/extensions/asvetliakov.vscode-neovim-0.0.78/dist/extension.js:3:100617)
	at listOnTimeout (internal/timers.js:531:17)
	at processTimers (internal/timers.js:475:7)
[2022-05-02 23:21:03.169] [renderer1] [error] nvim_win_close: Invalid window id: 1019: Error: Error making request to nvim_win_close
	at o.request (/home/turtles/dotfiles/vscode/extensions/asvetliakov.vscode-neovim-0.0.78/dist/extension.js:1:15853)
	at Timeout._onTimeout (/home/turtles/dotfiles/vscode/extensions/asvetliakov.vscode-neovim-0.0.78/dist/extension.js:3:101219)
	at listOnTimeout (internal/timers.js:531:17)
	at processTimers (internal/timers.js:475:7)
[2022-05-02 23:21:03.304] [renderer1] [error] nvim_win_get_cursor: Invalid window id: 1029: Error: Error making request to nvim_win_get_cursor
	at o.request (/home/turtles/dotfiles/vscode/extensions/asvetliakov.vscode-neovim-0.0.78/dist/extension.js:1:15853)
	at he.<anonymous> (/home/turtles/dotfiles/vscode/extensions/asvetliakov.vscode-neovim-0.0.78/dist/extension.js:3:100678)
	at Generator.next (<anonymous>)
	at /home/turtles/dotfiles/vscode/extensions/asvetliakov.vscode-neovim-0.0.78/dist/extension.js:3:88882
	at new Promise (<anonymous>)
	at ce (/home/turtles/dotfiles/vscode/extensions/asvetliakov.vscode-neovim-0.0.78/dist/extension.js:3:88627)
	at Timeout._onTimeout (/home/turtles/dotfiles/vscode/extensions/asvetliakov.vscode-neovim-0.0.78/dist/extension.js:3:100617)
	at listOnTimeout (internal/timers.js:531:17)
	at processTimers (internal/timers.js:475:7)
[2022-05-02 23:21:03.615] [renderer1] [error] nvim_win_close: Invalid window id: 1020: Error: Error making request to nvim_win_close
	at o.request (/home/turtles/dotfiles/vscode/extensions/asvetliakov.vscode-neovim-0.0.78/dist/extension.js:1:15853)
	at Timeout._onTimeout (/home/turtles/dotfiles/vscode/extensions/asvetliakov.vscode-neovim-0.0.78/dist/extension.js:3:101219)
	at listOnTimeout (internal/timers.js:531:17)
	at processTimers (internal/timers.js:475:7)
[2022-05-02 23:21:03.638] [renderer1] [error] nvim_win_get_cursor: Invalid window id: 1030: Error: Error making request to nvim_win_get_cursor
	at o.request (/home/turtles/dotfiles/vscode/extensions/asvetliakov.vscode-neovim-0.0.78/dist/extension.js:1:15853)
	at he.<anonymous> (/home/turtles/dotfiles/vscode/extensions/asvetliakov.vscode-neovim-0.0.78/dist/extension.js:3:100678)
	at Generator.next (<anonymous>)
	at /home/turtles/dotfiles/vscode/extensions/asvetliakov.vscode-neovim-0.0.78/dist/extension.js:3:88882
	at new Promise (<anonymous>)
	at ce (/home/turtles/dotfiles/vscode/extensions/asvetliakov.vscode-neovim-0.0.78/dist/extension.js:3:88627)
	at Timeout._onTimeout (/home/turtles/dotfiles/vscode/extensions/asvetliakov.vscode-neovim-0.0.78/dist/extension.js:3:100617)
	at listOnTimeout (internal/timers.js:531:17)
	at processTimers (internal/timers.js:475:7)
[2022-05-02 23:21:03.966] [renderer1] [error] nvim_win_get_cursor: Invalid window id: 1031: Error: Error making request to nvim_win_get_cursor
	at o.request (/home/turtles/dotfiles/vscode/extensions/asvetliakov.vscode-neovim-0.0.78/dist/extension.js:1:15853)
	at he.<anonymous> (/home/turtles/dotfiles/vscode/extensions/asvetliakov.vscode-neovim-0.0.78/dist/extension.js:3:100678)
	at Generator.next (<anonymous>)
	at /home/turtles/dotfiles/vscode/extensions/asvetliakov.vscode-neovim-0.0.78/dist/extension.js:3:88882
	at new Promise (<anonymous>)
	at ce (/home/turtles/dotfiles/vscode/extensions/asvetliakov.vscode-neovim-0.0.78/dist/extension.js:3:88627)
	at Timeout._onTimeout (/home/turtles/dotfiles/vscode/extensions/asvetliakov.vscode-neovim-0.0.78/dist/extension.js:3:100617)
	at listOnTimeout (internal/timers.js:531:17)
	at processTimers (internal/timers.js:475:7)
[2022-05-02 23:21:04.306] [renderer1] [error] nvim_win_get_cursor: Invalid window id: 1032: Error: Error making request to nvim_win_get_cursor
	at o.request (/home/turtles/dotfiles/vscode/extensions/asvetliakov.vscode-neovim-0.0.78/dist/extension.js:1:15853)
	at he.<anonymous> (/home/turtles/dotfiles/vscode/extensions/asvetliakov.vscode-neovim-0.0.78/dist/extension.js:3:100678)
	at Generator.next (<anonymous>)
	at /home/turtles/dotfiles/vscode/extensions/asvetliakov.vscode-neovim-0.0.78/dist/extension.js:3:88882
	at new Promise (<anonymous>)
	at ce (/home/turtles/dotfiles/vscode/extensions/asvetliakov.vscode-neovim-0.0.78/dist/extension.js:3:88627)
	at Timeout._onTimeout (/home/turtles/dotfiles/vscode/extensions/asvetliakov.vscode-neovim-0.0.78/dist/extension.js:3:100617)
	at listOnTimeout (internal/timers.js:531:17)
	at processTimers (internal/timers.js:475:7)
[2022-05-02 23:21:04.356] [renderer1] [error] nvim_win_close: Invalid window id: 1021: Error: Error making request to nvim_win_close
	at o.request (/home/turtles/dotfiles/vscode/extensions/asvetliakov.vscode-neovim-0.0.78/dist/extension.js:1:15853)
	at Timeout._onTimeout (/home/turtles/dotfiles/vscode/extensions/asvetliakov.vscode-neovim-0.0.78/dist/extension.js:3:101219)
	at listOnTimeout (internal/timers.js:531:17)
	at processTimers (internal/timers.js:475:7)
[2022-05-02 23:21:04.648] [renderer1] [error] nvim_win_get_cursor: Invalid window id: 1033: Error: Error making request to nvim_win_get_cursor
	at o.request (/home/turtles/dotfiles/vscode/extensions/asvetliakov.vscode-neovim-0.0.78/dist/extension.js:1:15853)
	at he.<anonymous> (/home/turtles/dotfiles/vscode/extensions/asvetliakov.vscode-neovim-0.0.78/dist/extension.js:3:100678)
	at Generator.next (<anonymous>)
	at /home/turtles/dotfiles/vscode/extensions/asvetliakov.vscode-neovim-0.0.78/dist/extension.js:3:88882
	at new Promise (<anonymous>)
	at ce (/home/turtles/dotfiles/vscode/extensions/asvetliakov.vscode-neovim-0.0.78/dist/extension.js:3:88627)
	at Timeout._onTimeout (/home/turtles/dotfiles/vscode/extensions/asvetliakov.vscode-neovim-0.0.78/dist/extension.js:3:100617)
	at listOnTimeout (internal/timers.js:531:17)
	at processTimers (internal/timers.js:475:7)
[2022-05-02 23:21:04.684] [renderer1] [error] nvim_win_close: Invalid window id: 1022: Error: Error making request to nvim_win_close
	at o.request (/home/turtles/dotfiles/vscode/extensions/asvetliakov.vscode-neovim-0.0.78/dist/extension.js:1:15853)
	at Timeout._onTimeout (/home/turtles/dotfiles/vscode/extensions/asvetliakov.vscode-neovim-0.0.78/dist/extension.js:3:101219)
	at listOnTimeout (internal/timers.js:531:17)
	at processTimers (internal/timers.js:475:7)
[2022-05-02 23:21:06.206] [renderer1] [error] nvim_win_close: Invalid window id: 1026: Error: Error making request to nvim_win_close
	at o.request (/home/turtles/dotfiles/vscode/extensions/asvetliakov.vscode-neovim-0.0.78/dist/extension.js:1:15853)
	at Timeout._onTimeout (/home/turtles/dotfiles/vscode/extensions/asvetliakov.vscode-neovim-0.0.78/dist/extension.js:3:101219)
	at listOnTimeout (internal/timers.js:531:17)
	at processTimers (internal/timers.js:475:7)
[2022-05-02 23:21:06.885] [renderer1] [error] nvim_win_close: Invalid window id: 1028: Error: Error making request to nvim_win_close
	at o.request (/home/turtles/dotfiles/vscode/extensions/asvetliakov.vscode-neovim-0.0.78/dist/extension.js:1:15853)
	at Timeout._onTimeout (/home/turtles/dotfiles/vscode/extensions/asvetliakov.vscode-neovim-0.0.78/dist/extension.js:3:101219)
	at listOnTimeout (internal/timers.js:531:17)
	at processTimers (internal/timers.js:475:7)
[2022-05-02 23:21:07.291] [renderer1] [error] nvim_win_close: Invalid window id: 1029: Error: Error making request to nvim_win_close
	at o.request (/home/turtles/dotfiles/vscode/extensions/asvetliakov.vscode-neovim-0.0.78/dist/extension.js:1:15853)
	at Timeout._onTimeout (/home/turtles/dotfiles/vscode/extensions/asvetliakov.vscode-neovim-0.0.78/dist/extension.js:3:101219)
	at listOnTimeout (internal/timers.js:531:17)
	at processTimers (internal/timers.js:475:7)
[2022-05-02 23:21:07.641] [renderer1] [error] nvim_win_close: Invalid window id: 1030: Error: Error making request to nvim_win_close
	at o.request (/home/turtles/dotfiles/vscode/extensions/asvetliakov.vscode-neovim-0.0.78/dist/extension.js:1:15853)
	at Timeout._onTimeout (/home/turtles/dotfiles/vscode/extensions/asvetliakov.vscode-neovim-0.0.78/dist/extension.js:3:101219)
	at listOnTimeout (internal/timers.js:531:17)
	at processTimers (internal/timers.js:475:7)
[2022-05-02 23:21:07.969] [renderer1] [error] nvim_win_close: Invalid window id: 1031: Error: Error making request to nvim_win_close
	at o.request (/home/turtles/dotfiles/vscode/extensions/asvetliakov.vscode-neovim-0.0.78/dist/extension.js:1:15853)
	at Timeout._onTimeout (/home/turtles/dotfiles/vscode/extensions/asvetliakov.vscode-neovim-0.0.78/dist/extension.js:3:101219)
	at listOnTimeout (internal/timers.js:531:17)
	at processTimers (internal/timers.js:475:7)
[2022-05-02 23:21:08.307] [renderer1] [error] nvim_win_close: Invalid window id: 1032: Error: Error making request to nvim_win_close
	at o.request (/home/turtles/dotfiles/vscode/extensions/asvetliakov.vscode-neovim-0.0.78/dist/extension.js:1:15853)
	at Timeout._onTimeout (/home/turtles/dotfiles/vscode/extensions/asvetliakov.vscode-neovim-0.0.78/dist/extension.js:3:101219)
	at listOnTimeout (internal/timers.js:531:17)
	at processTimers (internal/timers.js:475:7)
[2022-05-02 23:21:08.652] [renderer1] [error] nvim_win_close: Invalid window id: 1033: Error: Error making request to nvim_win_close
	at o.request (/home/turtles/dotfiles/vscode/extensions/asvetliakov.vscode-neovim-0.0.78/dist/extension.js:1:15853)
	at Timeout._onTimeout (/home/turtles/dotfiles/vscode/extensions/asvetliakov.vscode-neovim-0.0.78/dist/extension.js:3:101219)
	at listOnTimeout (internal/timers.js:531:17)
	at processTimers (internal/timers.js:475:7)
