{"artifact":"/mnt/NewSSD/tutorials/bevy/odysee-logicprojects-rpg/tutorial/target/rls/debug/deps/unicode_xid-16fe4c65b2060585.d","emit":"dep-info"}
{"artifact":"/mnt/NewSSD/tutorials/bevy/odysee-logicprojects-rpg/tutorial/target/rls/debug/deps/save-analysis/libunicode_xid-16fe4c65b2060585.json","emit":"save-analysis"}
{"artifact":"/mnt/NewSSD/tutorials/bevy/odysee-logicprojects-rpg/tutorial/target/rls/debug/deps/libunicode_xid-16fe4c65b2060585.rmeta","emit":"metadata"}
{"artifact":"/mnt/NewSSD/tutorials/bevy/odysee-logicprojects-rpg/tutorial/target/rls/debug/deps/libunicode_xid-16fe4c65b2060585.rlib","emit":"link"}
{"artifact":"/mnt/NewSSD/tutorials/bevy/odysee-logicprojects-rpg/tutorial/target/rls/debug/deps/hashbrown-f3548c0831eea311.d","emit":"dep-info"}
{"artifact":"/mnt/NewSSD/tutorials/bevy/odysee-logicprojects-rpg/tutorial/target/rls/debug/deps/save-analysis/libhashbrown-f3548c0831eea311.json","emit":"save-analysis"}
{"artifact":"/mnt/NewSSD/tutorials/bevy/odysee-logicprojects-rpg/tutorial/target/rls/debug/deps/libhashbrown-f3548c0831eea311.rmeta","emit":"metadata"}
{"artifact":"/mnt/NewSSD/tutorials/bevy/odysee-logicprojects-rpg/tutorial/target/rls/debug/deps/libhashbrown-f3548c0831eea311.rlib","emit":"link"}
{"artifact":"/mnt/NewSSD/tutorials/bevy/odysee-logicprojects-rpg/tutorial/target/rls/debug/deps/cfg_if-c6c7b11d4456a0aa.d","emit":"dep-info"}
{"artifact":"/mnt/NewSSD/tutorials/bevy/odysee-logicprojects-rpg/tutorial/target/rls/debug/deps/save-analysis/libcfg_if-c6c7b11d4456a0aa.json","emit":"save-analysis"}
{"artifact":"/mnt/NewSSD/tutorials/bevy/odysee-logicprojects-rpg/tutorial/target/rls/debug/deps/libcfg_if-c6c7b11d4456a0aa.rmeta","emit":"metadata"}
{"artifact":"/mnt/NewSSD/tutorials/bevy/odysee-logicprojects-rpg/tutorial/target/rls/debug/deps/libcfg_if-c6c7b11d4456a0aa.rlib","emit":"link"}
{"artifact":"/mnt/NewSSD/tutorials/bevy/odysee-logicprojects-rpg/tutorial/target/rls/debug/deps/proc_macro2-7e5c901c04af6cbd.d","emit":"dep-info"}
{"artifact":"/mnt/NewSSD/tutorials/bevy/odysee-logicprojects-rpg/tutorial/target/rls/debug/deps/save-analysis/libproc_macro2-7e5c901c04af6cbd.json","emit":"save-analysis"}
{"artifact":"/mnt/NewSSD/tutorials/bevy/odysee-logicprojects-rpg/tutorial/target/rls/debug/deps/libproc_macro2-7e5c901c04af6cbd.rmeta","emit":"metadata"}
{"artifact":"/mnt/NewSSD/tutorials/bevy/odysee-logicprojects-rpg/tutorial/target/rls/debug/deps/serde-1fa9220844378e4b.d","emit":"dep-info"}
{"artifact":"/mnt/NewSSD/tutorials/bevy/odysee-logicprojects-rpg/tutorial/target/rls/debug/deps/libc-1916d682278fee8e.d","emit":"dep-info"}
{"artifact":"/mnt/NewSSD/tutorials/bevy/odysee-logicprojects-rpg/tutorial/target/rls/debug/deps/liblibc-1916d682278fee8e.rmeta","emit":"metadata"}
{"artifact":"/mnt/NewSSD/tutorials/bevy/odysee-logicprojects-rpg/tutorial/target/rls/debug/deps/liblibc-1916d682278fee8e.rlib","emit":"link"}
{"artifact":"/mnt/NewSSD/tutorials/bevy/odysee-logicprojects-rpg/tutorial/target/rls/debug/deps/libproc_macro2-7e5c901c04af6cbd.rlib","emit":"link"}
{"artifact":"/mnt/NewSSD/tutorials/bevy/odysee-logicprojects-rpg/tutorial/target/rls/debug/deps/libserde-1fa9220844378e4b.rmeta","emit":"metadata"}
{"artifact":"/mnt/NewSSD/tutorials/bevy/odysee-logicprojects-rpg/tutorial/target/rls/debug/deps/indexmap-9a42c740321d28dd.d","emit":"dep-info"}
{"artifact":"/mnt/NewSSD/tutorials/bevy/odysee-logicprojects-rpg/tutorial/target/rls/debug/deps/save-analysis/libindexmap-9a42c740321d28dd.json","emit":"save-analysis"}
{"artifact":"/mnt/NewSSD/tutorials/bevy/odysee-logicprojects-rpg/tutorial/target/rls/debug/deps/libserde-1fa9220844378e4b.rlib","emit":"link"}
{"artifact":"/mnt/NewSSD/tutorials/bevy/odysee-logicprojects-rpg/tutorial/target/rls/debug/deps/libindexmap-9a42c740321d28dd.rmeta","emit":"metadata"}
{"artifact":"/mnt/NewSSD/tutorials/bevy/odysee-logicprojects-rpg/tutorial/target/rls/debug/deps/libindexmap-9a42c740321d28dd.rlib","emit":"link"}
{"artifact":"/mnt/NewSSD/tutorials/bevy/odysee-logicprojects-rpg/tutorial/target/rls/debug/deps/getrandom-42f1e9736bdfae64.d","emit":"dep-info"}
{"artifact":"/mnt/NewSSD/tutorials/bevy/odysee-logicprojects-rpg/tutorial/target/rls/debug/deps/save-analysis/libgetrandom-42f1e9736bdfae64.json","emit":"save-analysis"}
{"artifact":"/mnt/NewSSD/tutorials/bevy/odysee-logicprojects-rpg/tutorial/target/rls/debug/deps/libgetrandom-42f1e9736bdfae64.rmeta","emit":"metadata"}
{"artifact":"/mnt/NewSSD/tutorials/bevy/odysee-logicprojects-rpg/tutorial/target/rls/debug/deps/libgetrandom-42f1e9736bdfae64.rlib","emit":"link"}
{"artifact":"/mnt/NewSSD/tutorials/bevy/odysee-logicprojects-rpg/tutorial/target/rls/debug/deps/quote-3a18b1ab336bfdb1.d","emit":"dep-info"}
{"artifact":"/mnt/NewSSD/tutorials/bevy/odysee-logicprojects-rpg/tutorial/target/rls/debug/deps/save-analysis/libquote-3a18b1ab336bfdb1.json","emit":"save-analysis"}
{"artifact":"/mnt/NewSSD/tutorials/bevy/odysee-logicprojects-rpg/tutorial/target/rls/debug/deps/libquote-3a18b1ab336bfdb1.rmeta","emit":"metadata"}
{"artifact":"/mnt/NewSSD/tutorials/bevy/odysee-logicprojects-rpg/tutorial/target/rls/debug/deps/toml-f128e018263e6ab9.d","emit":"dep-info"}
{"artifact":"/mnt/NewSSD/tutorials/bevy/odysee-logicprojects-rpg/tutorial/target/rls/debug/deps/libquote-3a18b1ab336bfdb1.rlib","emit":"link"}
{"artifact":"/mnt/NewSSD/tutorials/bevy/odysee-logicprojects-rpg/tutorial/target/rls/debug/deps/save-analysis/libtoml-f128e018263e6ab9.json","emit":"save-analysis"}
{"artifact":"/mnt/NewSSD/tutorials/bevy/odysee-logicprojects-rpg/tutorial/target/rls/debug/deps/libtoml-f128e018263e6ab9.rmeta","emit":"metadata"}
{"artifact":"/mnt/NewSSD/tutorials/bevy/odysee-logicprojects-rpg/tutorial/target/rls/debug/deps/syn-600a34718ba19f19.d","emit":"dep-info"}
{"artifact":"/mnt/NewSSD/tutorials/bevy/odysee-logicprojects-rpg/tutorial/target/rls/debug/deps/save-analysis/libsyn-600a34718ba19f19.json","emit":"save-analysis"}
{"artifact":"/mnt/NewSSD/tutorials/bevy/odysee-logicprojects-rpg/tutorial/target/rls/debug/deps/libsyn-600a34718ba19f19.rmeta","emit":"metadata"}
{"artifact":"/mnt/NewSSD/tutorials/bevy/odysee-logicprojects-rpg/tutorial/target/rls/debug/deps/libtoml-f128e018263e6ab9.rlib","emit":"link"}
{"artifact":"/mnt/NewSSD/tutorials/bevy/odysee-logicprojects-rpg/tutorial/target/rls/debug/deps/libsyn-600a34718ba19f19.rlib","emit":"link"}
